<?xml version="1.0" encoding="UTF-8"?>
<Site BuildName="(empty)"
	BuildStamp="20251118-1007-Experimental"
	Name="(empty)"
	Generator="ctest-3.26.4"
	CompilerName=""
	CompilerVersion=""
	OSName="Windows"
	Hostname="Cookie"
	OSRelease=" Personal"
	OSVersion=" (Build 26100)"
	OSPlatform="AMD64"
	Is64Bits="1"
	VendorString="GenuineIntel"
	VendorID="Intel Corporation"
	FamilyID="6"
	ModelID="5"
	ProcessorCacheSize="-1"
	NumberOfLogicalCPU="16"
	NumberOfPhysicalCPU="16"
	TotalVirtualMemory="69124"
	TotalPhysicalMemory="65028"
	LogicalProcessorsPerPhysical="1"
	ProcessorClockFrequency="3686"
	>
	<Testing>
		<StartDateTime>Nov 18 21:37 新西伯利亚标准时间</StartDateTime>
		<StartTestTime>1763476641</StartTestTime>
		<TestList/>
		<EndDateTime>Nov 18 21:37 新西伯利亚标准时间</EndDateTime>
		<EndTestTime>1763476641</EndTestTime>
		<ElapsedMinutes>0</ElapsedMinutes>
	</Testing>
</Site>
